--------------- Clean Started: 03/23/2026 10:36:27 Project: LW03, Configuration: ARM GCC 5.4-2016-q2-update Debug ---------------
Deleting file ".\CortexM0\ARM_GCC_541\Debug\main.o"
Deleting file ".\CortexM0\ARM_GCC_541\Debug\cyfitter_cfg.o"
Deleting file ".\CortexM0\ARM_GCC_541\Debug\cymetadata.o"
Deleting file ".\CortexM0\ARM_GCC_541\Debug\Button.o"
Deleting file ".\CortexM0\ARM_GCC_541\Debug\Button_PM.o"
Deleting file ".\CortexM0\ARM_GCC_541\Debug\Cm0Start.o"
Deleting file ".\CortexM0\ARM_GCC_541\Debug\CyFlash.o"
Deleting file ".\CortexM0\ARM_GCC_541\Debug\CyLib.o"
Deleting file ".\CortexM0\ARM_GCC_541\Debug\cyPm.o"
Deleting file ".\CortexM0\ARM_GCC_541\Debug\cyutils.o"
Deleting file ".\CortexM0\ARM_GCC_541\Debug\CyBootAsmGnu.o"
Deleting file ".\CortexM0\ARM_GCC_541\Debug\CyLFClk.o"
Deleting file ".\CortexM0\ARM_GCC_541\Debug\cy_em_eeprom.o"
Deleting file ".\CortexM0\ARM_GCC_541\Debug\LED_Red.o"
Deleting file ".\CortexM0\ARM_GCC_541\Debug\LED_Red_PM.o"
Deleting file ".\CortexM0\ARM_GCC_541\Debug\LED_Green.o"
Deleting file ".\CortexM0\ARM_GCC_541\Debug\LED_Green_PM.o"
Deleting file ".\CortexM0\ARM_GCC_541\Debug\LED_Blue.o"
Deleting file ".\CortexM0\ARM_GCC_541\Debug\LED_Blue_PM.o"
Deleting file ".\CortexM0\ARM_GCC_541\Debug\SW_Tx_UART_AsmGnu.o"
Deleting file ".\CortexM0\ARM_GCC_541\Debug\SW_Tx_UART.o"
Deleting file ".\CortexM0\ARM_GCC_541\Debug\ROW_0.o"
Deleting file ".\CortexM0\ARM_GCC_541\Debug\ROW_0_PM.o"
Deleting file ".\CortexM0\ARM_GCC_541\Debug\ROW_1.o"
Deleting file ".\CortexM0\ARM_GCC_541\Debug\ROW_1_PM.o"
Deleting file ".\CortexM0\ARM_GCC_541\Debug\ROW_2.o"
Deleting file ".\CortexM0\ARM_GCC_541\Debug\ROW_2_PM.o"
Deleting file ".\CortexM0\ARM_GCC_541\Debug\ROW_3.o"
Deleting file ".\CortexM0\ARM_GCC_541\Debug\ROW_3_PM.o"
Deleting file ".\CortexM0\ARM_GCC_541\Debug\COLUMN_0.o"
Deleting file ".\CortexM0\ARM_GCC_541\Debug\COLUMN_0_PM.o"
Deleting file ".\CortexM0\ARM_GCC_541\Debug\COLUMN_1.o"
Deleting file ".\CortexM0\ARM_GCC_541\Debug\COLUMN_1_PM.o"
Deleting file ".\CortexM0\ARM_GCC_541\Debug\COLUMN_2.o"
Deleting file ".\CortexM0\ARM_GCC_541\Debug\COLUMN_2_PM.o"
Deleting file ".\CortexM0\ARM_GCC_541\Debug\LW03.hex"
Deleting file ".\CortexM0\ARM_GCC_541\Debug\LW03.elf"
Deleting file ".\CortexM0\ARM_GCC_541\Debug\LW03.map"
Deleting file ".\LW03.cycdx"
Deleting file ".\LW03.rpt"
Deleting file ".\LW03_timing.html"
Deleting file ".\CortexM0\ARM_GCC_541\Debug\.deps\SOURCE_C__ARM_GCC_GENERIC.P"
Deleting file ".\CortexM0\ARM_GCC_541\Debug\.deps\SOURCE_ASM__ARM_GCC_GENERIC.P"
--------------- Clean Succeeded: 03/23/2026 10:36:27 ---------------
